Arguments: 
  /usr/local/Cellar/node/7.7.2/bin/node /usr/local/bin/yarn install

PATH: 
  /usr/local/Cellar/php70/7.0.17_9/bin:/Library/Frameworks/Python.framework/Versions/2.7/bin:/Users/andrei/pear2/bin:vendor/bin:/Users/andrei/.composer/vendor/bin:/Applications/MAMP/bin/php/php5.6.10/bin:node_modules/.bin:/usr/local/bin:/usr/bin:/bin:/usr/sbin:/sbin:/Users/andrei/.composer/vendor/bin

Yarn version: 
  0.27.5

Node version: 
  7.7.2

Platform: 
  darwin x64

npm manifest: 
  {
    "name": "@stejar3/react-di",
    "version": "1.0.0",
    "description": "",
    "main": "./es/index.js",
    "module": "./es/index.js",
    "jsnext:main": "./es/index.js",
    "typings": "./typings/index.d.ts",
    "directories": {
      "test": "tests"
    },
    "files": [
      "src",
      "es",
      "typings"
    ],
    "scripts": {
      "build": "rimraf ./es && rimraf ./typings && tsc --declaration --declarationDir ./typings --outDir es",
      "start": "tsc --declaration --declarationDir ./typings --outDir es --watch"
    },
    "author": "",
    "license": "ISC",
    "dependencies": {
      "@stejar3/di": "2.0.0",
      "@types/invariant": "^2.2.28",
      "@types/prop-types": "^15.5.1",
      "@types/react": "^15.0.34",
      "hoist-non-react-statics": "^2.0.0",
      "invariant": "^2.2.2",
      "prop-types": "^15.5.10",
      "react": "^15.6.1"
    },
    "devDependencies": {
      "rimraf": "^2.6.1",
      "tslib": "^1.7.1",
      "typescript": "^2.4.1"
    }
  }

yarn manifest: 
  No manifest

Lockfile: 
  No lockfile

Trace: 
  Error: https://registry.yarnpkg.com/@stejar3%2fdi: Not found
      at Request.params.callback [as _callback] (/usr/local/lib/node_modules/yarn/lib/util/request-manager.js:326:18)
      at Request.self.callback (/usr/local/lib/node_modules/yarn/node_modules/request/request.js:188:22)
      at emitTwo (events.js:106:13)
      at Request.emit (events.js:194:7)
      at Request.<anonymous> (/usr/local/lib/node_modules/yarn/node_modules/request/request.js:1171:10)
      at emitOne (events.js:96:13)
      at Request.emit (events.js:191:7)
      at IncomingMessage.<anonymous> (/usr/local/lib/node_modules/yarn/node_modules/request/request.js:1091:12)
      at Object.onceWrapper (events.js:293:19)
      at emitNone (events.js:91:20)
