0 info it worked if it ends with ok
1 verbose cli [ '/usr/local/Cellar/node/6.5.0/bin/node',
1 verbose cli   '/Users/Andrei/work/stejar/dist/stejar-reselect/node_modules/.bin/npm',
1 verbose cli   'run',
1 verbose cli   'publish-please' ]
2 info using npm@3.10.10
3 info using node@v6.5.0
4 verbose run-script [ 'prepublish-please', 'publish-please', 'postpublish-please' ]
5 info lifecycle @stejar/reselect@1.0.12~prepublish-please: @stejar/reselect@1.0.12
6 silly lifecycle @stejar/reselect@1.0.12~prepublish-please: no script for prepublish-please, continuing
7 info lifecycle @stejar/reselect@1.0.12~publish-please: @stejar/reselect@1.0.12
8 verbose lifecycle @stejar/reselect@1.0.12~publish-please: unsafe-perm in lifecycle true
9 verbose lifecycle @stejar/reselect@1.0.12~publish-please: PATH: /Users/Andrei/work/stejar/dist/stejar-reselect/node_modules/npm/bin/node-gyp-bin:/Users/Andrei/work/stejar/dist/stejar-reselect/node_modules/.bin:/usr/local/Cellar/node/6.5.0/bin:/Library/Frameworks/Python.framework/Versions/2.7/bin:/Users/Andrei/pear2/bin:vendor/bin:/Users/Andrei/.composer/vendor/bin:/Applications/MAMP/bin/php/php5.6.10/bin:/Applications/MAMP/Library/bin:node_modules/.bin:/usr/local/bin:/usr/bin:/bin:/usr/sbin:/sbin:/Users/Andrei/.composer/vendor/bin
10 verbose lifecycle @stejar/reselect@1.0.12~publish-please: CWD: /Users/Andrei/work/stejar/dist/stejar-reselect
11 silly lifecycle @stejar/reselect@1.0.12~publish-please: Args: [ '-c', 'publish-please' ]
12 silly lifecycle @stejar/reselect@1.0.12~publish-please: Returned: code: 1  signal: null
13 info lifecycle @stejar/reselect@1.0.12~publish-please: Failed to exec publish-please script
14 verbose stack Error: @stejar/reselect@1.0.12 publish-please: `publish-please`
14 verbose stack Exit status 1
14 verbose stack     at EventEmitter.<anonymous> (/Users/Andrei/work/stejar/dist/stejar-reselect/node_modules/npm/lib/utils/lifecycle.js:255:16)
14 verbose stack     at emitTwo (events.js:106:13)
14 verbose stack     at EventEmitter.emit (events.js:191:7)
14 verbose stack     at ChildProcess.<anonymous> (/Users/Andrei/work/stejar/dist/stejar-reselect/node_modules/npm/lib/utils/spawn.js:40:14)
14 verbose stack     at emitTwo (events.js:106:13)
14 verbose stack     at ChildProcess.emit (events.js:191:7)
14 verbose stack     at maybeClose (internal/child_process.js:877:16)
14 verbose stack     at Process.ChildProcess._handle.onexit (internal/child_process.js:226:5)
15 verbose pkgid @stejar/reselect@1.0.12
16 verbose cwd /Users/Andrei/work/stejar/dist/stejar-reselect
17 error Darwin 16.3.0
18 error argv "/usr/local/Cellar/node/6.5.0/bin/node" "/Users/Andrei/work/stejar/dist/stejar-reselect/node_modules/.bin/npm" "run" "publish-please"
19 error node v6.5.0
20 error npm  v3.10.10
21 error code ELIFECYCLE
22 error @stejar/reselect@1.0.12 publish-please: `publish-please`
22 error Exit status 1
23 error Failed at the @stejar/reselect@1.0.12 publish-please script 'publish-please'.
23 error Make sure you have the latest version of node.js and npm installed.
23 error If you do, this is most likely a problem with the @stejar/reselect package,
23 error not with npm itself.
23 error Tell the author that this fails on your system:
23 error     publish-please
23 error You can get information on how to open an issue for this project with:
23 error     npm bugs @stejar/reselect
23 error Or if that isn't available, you can get their info via:
23 error     npm owner ls @stejar/reselect
23 error There is likely additional logging output above.
24 verbose exit [ 1, true ]
